<?xml version="1.0" encoding="UTF-8" ?>
<testsuites>
  <testsuite errors="0" failures="0" hostname="David-Pollums-MacBook-Pro.local" id="0" name="StudyTests" package="au.org.intersect.bdcp" tests="1" time="0.535" timestamp="2011-02-21T04:23:18">
      <properties />

      <testcase classname="au.org.intersect.bdcp.StudyTests" name="testBlank" time="0.521" />

      <system-out><![CDATA[--Output from testBlank--
]]></system-out>

      <system-err><![CDATA[--Output from testBlank--
]]></system-err>

  </testsuite>
</testsuites>
